<?xml version="1.0" encoding="UTF-8"?>
<!-- Generated by org.testng.reporters.JUnitReportReporter -->
<testsuite hostname="LAPTOP-BRIVNB7M" failures="0" tests="3" name="com.example.AppTest" time="46.458" errors="0" timestamp="2024-05-02T15:21:09 IST" skipped="0">
  <testcase classname="com.example.AppTest" name="testCase1" time="10.769"/>
  <testcase classname="com.example.AppTest" name="testCase2" time="20.966"/>
  <testcase classname="com.example.AppTest" name="testCase3" time="14.723"/>
</testsuite> <!-- com.example.AppTest -->
